Generated at 2018-05-26 16:56:28 +0000
Chef::Exceptions::RecipeNotFound: could not find recipe file /home/ec2-user/chef/chef-repo/cookbooks/apache/recipes/recipes/motd.rb
/opt/chefdk/embedded/lib/ruby/gems/2.4.0/gems/chef-13.8.5/lib/chef/run_context.rb:357:in `load_recipe_file'
/opt/chefdk/embedded/lib/ruby/gems/2.4.0/gems/chef-13.8.5/lib/chef/policy_builder/expand_node_object.rb:100:in `block in setup_run_context'
/opt/chefdk/embedded/lib/ruby/gems/2.4.0/gems/chef-13.8.5/lib/chef/policy_builder/expand_node_object.rb:99:in `each'
/opt/chefdk/embedded/lib/ruby/gems/2.4.0/gems/chef-13.8.5/lib/chef/policy_builder/expand_node_object.rb:99:in `setup_run_context'
/opt/chefdk/embedded/lib/ruby/gems/2.4.0/gems/chef-13.8.5/lib/chef/client.rb:513:in `setup_run_context'
/opt/chefdk/embedded/lib/ruby/gems/2.4.0/gems/chef-13.8.5/lib/chef/client.rb:281:in `run'
/opt/chefdk/embedded/lib/ruby/gems/2.4.0/gems/chef-13.8.5/lib/chef/application.rb:292:in `block in fork_chef_client'
/opt/chefdk/embedded/lib/ruby/gems/2.4.0/gems/chef-13.8.5/lib/chef/application.rb:280:in `fork'
/opt/chefdk/embedded/lib/ruby/gems/2.4.0/gems/chef-13.8.5/lib/chef/application.rb:280:in `fork_chef_client'
/opt/chefdk/embedded/lib/ruby/gems/2.4.0/gems/chef-13.8.5/lib/chef/application.rb:245:in `block in run_chef_client'
/opt/chefdk/embedded/lib/ruby/gems/2.4.0/gems/chef-13.8.5/lib/chef/local_mode.rb:44:in `with_server_connectivity'
/opt/chefdk/embedded/lib/ruby/gems/2.4.0/gems/chef-13.8.5/lib/chef/application.rb:233:in `run_chef_client'
/opt/chefdk/embedded/lib/ruby/gems/2.4.0/gems/chef-13.8.5/lib/chef/application/client.rb:469:in `sleep_then_run_chef_client'
/opt/chefdk/embedded/lib/ruby/gems/2.4.0/gems/chef-13.8.5/lib/chef/application/client.rb:458:in `block in interval_run_chef_client'
/opt/chefdk/embedded/lib/ruby/gems/2.4.0/gems/chef-13.8.5/lib/chef/application/client.rb:457:in `loop'
/opt/chefdk/embedded/lib/ruby/gems/2.4.0/gems/chef-13.8.5/lib/chef/application/client.rb:457:in `interval_run_chef_client'
/opt/chefdk/embedded/lib/ruby/gems/2.4.0/gems/chef-13.8.5/lib/chef/application/client.rb:441:in `run_application'
/opt/chefdk/embedded/lib/ruby/gems/2.4.0/gems/chef-13.8.5/lib/chef/application.rb:59:in `run'
/opt/chefdk/embedded/lib/ruby/gems/2.4.0/gems/chef-13.8.5/bin/chef-client:26:in `<top (required)>'
/usr/bin/chef-client:250:in `load'
/usr/bin/chef-client:250:in `<main>'